
*** Running vivado
    with args -log inference_top.vdi -applog -m64 -product Vivado -messageDb vivado.pb -mode batch -source inference_top.tcl -notrace


****** Vivado v2024.1 (64-bit)
  **** SW Build 5076996 on Wed May 22 18:36:09 MDT 2024
  **** IP Build 5075265 on Wed May 22 21:45:21 MDT 2024
  **** SharedData Build 5076995 on Wed May 22 18:29:18 MDT 2024
  **** Start of session at: Sun Nov 17 21:13:57 2024
    ** Copyright 1986-2022 Xilinx, Inc. All Rights Reserved.
    ** Copyright 2022-2024 Advanced Micro Devices, Inc. All Rights Reserved.

source inference_top.tcl -notrace
Command: link_design -top inference_top -part xc7a35tcpg236-1
Design is defaulting to srcset: sources_1
Design is defaulting to constrset: constrs_1
INFO: [Device 21-403] Loading part xc7a35tcpg236-1
INFO: [Device 21-9227] Part: xc7a35tcpg236-1 does not have CEAM library.
INFO: [Project 1-454] Reading design checkpoint '/home/pstecklein/repos/low-latency-mnist-inference/xc7a35LeNet/xc7a35LeNet.gen/sources_1/ip/clk_wiz_0/clk_wiz_0.dcp' for cell 'mmcm0'
Netlist sorting complete. Time (s): cpu = 00:00:00 ; elapsed = 00:00:00 . Memory (MB): peak = 1729.469 ; gain = 0.000 ; free physical = 41969 ; free virtual = 50431
INFO: [Netlist 29-17] Analyzing 1 Unisim elements for replacement
INFO: [Netlist 29-28] Unisim Transformation completed in 0 CPU seconds
INFO: [Project 1-479] Netlist was created with Vivado 2024.1
INFO: [Project 1-570] Preparing netlist for logic optimization
Parsing XDC File [/home/pstecklein/repos/low-latency-mnist-inference/xc7a35LeNet/xc7a35LeNet.gen/sources_1/ip/clk_wiz_0/clk_wiz_0_board.xdc] for cell 'mmcm0/inst'
Finished Parsing XDC File [/home/pstecklein/repos/low-latency-mnist-inference/xc7a35LeNet/xc7a35LeNet.gen/sources_1/ip/clk_wiz_0/clk_wiz_0_board.xdc] for cell 'mmcm0/inst'
Parsing XDC File [/home/pstecklein/repos/low-latency-mnist-inference/xc7a35LeNet/xc7a35LeNet.gen/sources_1/ip/clk_wiz_0/clk_wiz_0.xdc] for cell 'mmcm0/inst'
INFO: [Timing 38-35] Done setting XDC timing constraints. [/home/pstecklein/repos/low-latency-mnist-inference/xc7a35LeNet/xc7a35LeNet.gen/sources_1/ip/clk_wiz_0/clk_wiz_0.xdc:54]
INFO: [Timing 38-2] Deriving generated clocks [/home/pstecklein/repos/low-latency-mnist-inference/xc7a35LeNet/xc7a35LeNet.gen/sources_1/ip/clk_wiz_0/clk_wiz_0.xdc:54]
Finished Parsing XDC File [/home/pstecklein/repos/low-latency-mnist-inference/xc7a35LeNet/xc7a35LeNet.gen/sources_1/ip/clk_wiz_0/clk_wiz_0.xdc] for cell 'mmcm0/inst'
Parsing XDC File [/home/pstecklein/repos/low-latency-mnist-inference/xc7a35LeNet/xc7a35LeNet.srcs/constrs_1/new/pinout.xdc]
Finished Parsing XDC File [/home/pstecklein/repos/low-latency-mnist-inference/xc7a35LeNet/xc7a35LeNet.srcs/constrs_1/new/pinout.xdc]
INFO: [Opt 31-138] Pushed 0 inverter(s) to 0 load pin(s).
Netlist sorting complete. Time (s): cpu = 00:00:00 ; elapsed = 00:00:00 . Memory (MB): peak = 2320.953 ; gain = 0.000 ; free physical = 41448 ; free virtual = 49910
INFO: [Project 1-111] Unisim Transformation Summary:
No Unisim elements were transformed.

11 Infos, 0 Warnings, 0 Critical Warnings and 0 Errors encountered.
link_design completed successfully
link_design: Time (s): cpu = 00:00:05 ; elapsed = 00:00:05 . Memory (MB): peak = 2320.953 ; gain = 905.367 ; free physical = 41448 ; free virtual = 49910
Command: opt_design
Attempting to get a license for feature 'Implementation' and/or device 'xc7a35t'
INFO: [Common 17-349] Got license for feature 'Implementation' and/or device 'xc7a35t'
Running DRC as a precondition to command opt_design

Starting DRC Task
INFO: [DRC 23-27] Running DRC with 8 threads
INFO: [Project 1-461] DRC finished with 0 Errors
INFO: [Project 1-462] Please refer to the DRC report (report_drc) for more information.

Time (s): cpu = 00:00:00.24 ; elapsed = 00:00:00.21 . Memory (MB): peak = 2393.891 ; gain = 72.938 ; free physical = 41440 ; free virtual = 49902

Starting Cache Timing Information Task
INFO: [Timing 38-35] Done setting XDC timing constraints.
INFO: [Timing 38-2] Deriving generated clocks
Ending Cache Timing Information Task | Checksum: 1e1483f8d

Time (s): cpu = 00:00:00 ; elapsed = 00:00:00 . Memory (MB): peak = 2393.891 ; gain = 0.000 ; free physical = 41440 ; free virtual = 49902

Starting Logic Optimization Task

Phase 1 Initialization

Phase 1.1 Core Generation And Design Setup
Phase 1.1 Core Generation And Design Setup | Checksum: 1e1483f8d

Time (s): cpu = 00:00:00 ; elapsed = 00:00:00 . Memory (MB): peak = 2671.680 ; gain = 0.000 ; free physical = 41136 ; free virtual = 49598

Phase 1.2 Setup Constraints And Sort Netlist
Phase 1.2 Setup Constraints And Sort Netlist | Checksum: 1e1483f8d

Time (s): cpu = 00:00:00 ; elapsed = 00:00:00 . Memory (MB): peak = 2671.680 ; gain = 0.000 ; free physical = 41136 ; free virtual = 49598
Phase 1 Initialization | Checksum: 1e1483f8d

Time (s): cpu = 00:00:00 ; elapsed = 00:00:00 . Memory (MB): peak = 2671.680 ; gain = 0.000 ; free physical = 41136 ; free virtual = 49598

Phase 2 Timer Update And Timing Data Collection

Phase 2.1 Timer Update
Phase 2.1 Timer Update | Checksum: 1e1483f8d

Time (s): cpu = 00:00:00 ; elapsed = 00:00:00 . Memory (MB): peak = 2671.680 ; gain = 0.000 ; free physical = 41136 ; free virtual = 49598

Phase 2.2 Timing Data Collection
Phase 2.2 Timing Data Collection | Checksum: 1e1483f8d

Time (s): cpu = 00:00:00 ; elapsed = 00:00:00 . Memory (MB): peak = 2671.680 ; gain = 0.000 ; free physical = 41136 ; free virtual = 49598
Phase 2 Timer Update And Timing Data Collection | Checksum: 1e1483f8d

Time (s): cpu = 00:00:00 ; elapsed = 00:00:00 . Memory (MB): peak = 2671.680 ; gain = 0.000 ; free physical = 41136 ; free virtual = 49598

Phase 3 Retarget
INFO: [Opt 31-1834] Total Chains To Be Transformed Were: 0 AND Number of Transformed insts Created are: 0
INFO: [Opt 31-138] Pushed 0 inverter(s) to 0 load pin(s).
INFO: [Opt 31-49] Retargeted 0 cell(s).
Phase 3 Retarget | Checksum: 1e1483f8d

Time (s): cpu = 00:00:00 ; elapsed = 00:00:00.01 . Memory (MB): peak = 2671.680 ; gain = 0.000 ; free physical = 41136 ; free virtual = 49598
Retarget | Checksum: 1e1483f8d
INFO: [Opt 31-389] Phase Retarget created 0 cells and removed 0 cells
INFO: [Opt 31-1021] In phase Retarget, 1 netlist objects are constrained preventing optimization. Please run opt_design with -debug_log to get more detail. 

Phase 4 Constant propagation
INFO: [Opt 31-138] Pushed 0 inverter(s) to 0 load pin(s).
Phase 4 Constant propagation | Checksum: 1e1483f8d

Time (s): cpu = 00:00:00 ; elapsed = 00:00:00.01 . Memory (MB): peak = 2671.680 ; gain = 0.000 ; free physical = 41136 ; free virtual = 49598
Constant propagation | Checksum: 1e1483f8d
INFO: [Opt 31-389] Phase Constant propagation created 0 cells and removed 0 cells

Phase 5 Sweep
Phase 5 Sweep | Checksum: 25302f609

Time (s): cpu = 00:00:00 ; elapsed = 00:00:00.01 . Memory (MB): peak = 2671.680 ; gain = 0.000 ; free physical = 41136 ; free virtual = 49598
Sweep | Checksum: 25302f609
INFO: [Opt 31-389] Phase Sweep created 0 cells and removed 6 cells

Phase 6 BUFG optimization
Phase 6 BUFG optimization | Checksum: 25302f609

Time (s): cpu = 00:00:00.01 ; elapsed = 00:00:00.01 . Memory (MB): peak = 2671.680 ; gain = 0.000 ; free physical = 41136 ; free virtual = 49598
BUFG optimization | Checksum: 25302f609
INFO: [Opt 31-662] Phase BUFG optimization created 0 cells of which 0 are BUFGs and removed 0 cells.

Phase 7 Shift Register Optimization
INFO: [Opt 31-1064] SRL Remap converted 0 SRLs to 0 registers and converted 0 registers of register chains to 0 SRLs
Phase 7 Shift Register Optimization | Checksum: 25302f609

Time (s): cpu = 00:00:00.01 ; elapsed = 00:00:00.01 . Memory (MB): peak = 2671.680 ; gain = 0.000 ; free physical = 41136 ; free virtual = 49598
Shift Register Optimization | Checksum: 25302f609
INFO: [Opt 31-389] Phase Shift Register Optimization created 0 cells and removed 0 cells

Phase 8 Post Processing Netlist
Phase 8 Post Processing Netlist | Checksum: 25302f609

Time (s): cpu = 00:00:00.01 ; elapsed = 00:00:00.01 . Memory (MB): peak = 2671.680 ; gain = 0.000 ; free physical = 41136 ; free virtual = 49598
Post Processing Netlist | Checksum: 25302f609
INFO: [Opt 31-389] Phase Post Processing Netlist created 0 cells and removed 0 cells

Phase 9 Finalization

Phase 9.1 Finalizing Design Cores and Updating Shapes
Phase 9.1 Finalizing Design Cores and Updating Shapes | Checksum: 20ebba665

Time (s): cpu = 00:00:00.01 ; elapsed = 00:00:00.02 . Memory (MB): peak = 2671.680 ; gain = 0.000 ; free physical = 41136 ; free virtual = 49598

Phase 9.2 Verifying Netlist Connectivity

Starting Connectivity Check Task

Time (s): cpu = 00:00:00 ; elapsed = 00:00:00 . Memory (MB): peak = 2671.680 ; gain = 0.000 ; free physical = 41136 ; free virtual = 49598
Phase 9.2 Verifying Netlist Connectivity | Checksum: 20ebba665

Time (s): cpu = 00:00:00.01 ; elapsed = 00:00:00.02 . Memory (MB): peak = 2671.680 ; gain = 0.000 ; free physical = 41136 ; free virtual = 49598
Phase 9 Finalization | Checksum: 20ebba665

Time (s): cpu = 00:00:00.01 ; elapsed = 00:00:00.02 . Memory (MB): peak = 2671.680 ; gain = 0.000 ; free physical = 41136 ; free virtual = 49598
Opt_design Change Summary
=========================


-------------------------------------------------------------------------------------------------------------------------
|  Phase                        |  #Cells created  |  #Cells Removed  |  #Constrained objects preventing optimizations  |
-------------------------------------------------------------------------------------------------------------------------
|  Retarget                     |               0  |               0  |                                              1  |
|  Constant propagation         |               0  |               0  |                                              0  |
|  Sweep                        |               0  |               6  |                                              0  |
|  BUFG optimization            |               0  |               0  |                                              0  |
|  Shift Register Optimization  |               0  |               0  |                                              0  |
|  Post Processing Netlist      |               0  |               0  |                                              0  |
-------------------------------------------------------------------------------------------------------------------------


Ending Logic Optimization Task | Checksum: 20ebba665

Time (s): cpu = 00:00:00.01 ; elapsed = 00:00:00.02 . Memory (MB): peak = 2671.680 ; gain = 0.000 ; free physical = 41136 ; free virtual = 49598

Starting Power Optimization Task
INFO: [Pwropt 34-132] Skipping clock gating for clocks with a period < 2.00 ns.
Ending Power Optimization Task | Checksum: 20ebba665

Time (s): cpu = 00:00:00 ; elapsed = 00:00:00 . Memory (MB): peak = 2671.680 ; gain = 0.000 ; free physical = 41136 ; free virtual = 49598

Starting Final Cleanup Task
Ending Final Cleanup Task | Checksum: 20ebba665

Time (s): cpu = 00:00:00 ; elapsed = 00:00:00 . Memory (MB): peak = 2671.680 ; gain = 0.000 ; free physical = 41136 ; free virtual = 49598

Starting Netlist Obfuscation Task
Netlist sorting complete. Time (s): cpu = 00:00:00 ; elapsed = 00:00:00 . Memory (MB): peak = 2671.680 ; gain = 0.000 ; free physical = 41136 ; free virtual = 49598
Ending Netlist Obfuscation Task | Checksum: 20ebba665

Time (s): cpu = 00:00:00 ; elapsed = 00:00:00 . Memory (MB): peak = 2671.680 ; gain = 0.000 ; free physical = 41136 ; free virtual = 49598
INFO: [Common 17-83] Releasing license: Implementation
31 Infos, 0 Warnings, 0 Critical Warnings and 0 Errors encountered.
opt_design completed successfully
INFO: [Vivado 12-24828] Executing command : report_drc -file inference_top_drc_opted.rpt -pb inference_top_drc_opted.pb -rpx inference_top_drc_opted.rpx
Command: report_drc -file inference_top_drc_opted.rpt -pb inference_top_drc_opted.pb -rpx inference_top_drc_opted.rpx
INFO: [IP_Flow 19-1839] IP Catalog is up to date.
INFO: [DRC 23-27] Running DRC with 8 threads
INFO: [Vivado_Tcl 2-168] The results of DRC are in file /home/pstecklein/repos/low-latency-mnist-inference/xc7a35LeNet/xc7a35LeNet.runs/impl_1/inference_top_drc_opted.rpt.
report_drc completed successfully
INFO: [Timing 38-480] Writing timing data to binary archive.
Write ShapeDB Complete: Time (s): cpu = 00:00:00 ; elapsed = 00:00:00 . Memory (MB): peak = 2738.863 ; gain = 0.000 ; free physical = 41117 ; free virtual = 49579
Wrote PlaceDB: Time (s): cpu = 00:00:00 ; elapsed = 00:00:00 . Memory (MB): peak = 2738.863 ; gain = 0.000 ; free physical = 41117 ; free virtual = 49579
Wrote PulsedLatchDB: Time (s): cpu = 00:00:00 ; elapsed = 00:00:00 . Memory (MB): peak = 2738.863 ; gain = 0.000 ; free physical = 41117 ; free virtual = 49579
Writing XDEF routing.
Writing XDEF routing logical nets.
Writing XDEF routing special nets.
Wrote RouteStorage: Time (s): cpu = 00:00:00.02 ; elapsed = 00:00:00 . Memory (MB): peak = 2738.863 ; gain = 0.000 ; free physical = 41117 ; free virtual = 49579
Wrote Netlist Cache: Time (s): cpu = 00:00:00 ; elapsed = 00:00:00 . Memory (MB): peak = 2738.863 ; gain = 0.000 ; free physical = 41117 ; free virtual = 49579
Wrote Device Cache: Time (s): cpu = 00:00:00 ; elapsed = 00:00:00.01 . Memory (MB): peak = 2738.863 ; gain = 0.000 ; free physical = 41124 ; free virtual = 49587
Write Physdb Complete: Time (s): cpu = 00:00:00.02 ; elapsed = 00:00:00.01 . Memory (MB): peak = 2738.863 ; gain = 0.000 ; free physical = 41124 ; free virtual = 49587
INFO: [Common 17-1381] The checkpoint '/home/pstecklein/repos/low-latency-mnist-inference/xc7a35LeNet/xc7a35LeNet.runs/impl_1/inference_top_opt.dcp' has been generated.
Command: place_design
Attempting to get a license for feature 'Implementation' and/or device 'xc7a35t'
INFO: [Common 17-349] Got license for feature 'Implementation' and/or device 'xc7a35t'
INFO: [Common 17-83] Releasing license: Implementation
INFO: [DRC 23-27] Running DRC with 8 threads
INFO: [Vivado_Tcl 4-198] DRC finished with 0 Errors
INFO: [Vivado_Tcl 4-199] Please refer to the DRC report (report_drc) for more information.
Running DRC as a precondition to command place_design
INFO: [DRC 23-27] Running DRC with 8 threads
INFO: [Vivado_Tcl 4-198] DRC finished with 0 Errors
INFO: [Vivado_Tcl 4-199] Please refer to the DRC report (report_drc) for more information.
INFO: [Place 30-611] Multithreading enabled for place_design using a maximum of 8 CPUs

Starting Placer Task

Phase 1 Placer Initialization

Phase 1.1 Placer Initialization Netlist Sorting
Netlist sorting complete. Time (s): cpu = 00:00:00 ; elapsed = 00:00:00 . Memory (MB): peak = 2789.855 ; gain = 0.000 ; free physical = 41114 ; free virtual = 49577
Phase 1.1 Placer Initialization Netlist Sorting | Checksum: 19edfdcc3

Time (s): cpu = 00:00:00 ; elapsed = 00:00:00 . Memory (MB): peak = 2789.855 ; gain = 0.000 ; free physical = 41114 ; free virtual = 49577
Netlist sorting complete. Time (s): cpu = 00:00:00 ; elapsed = 00:00:00 . Memory (MB): peak = 2789.855 ; gain = 0.000 ; free physical = 41114 ; free virtual = 49577

Phase 1.2 IO Placement/ Clock Placement/ Build Placer Device
INFO: [Timing 38-35] Done setting XDC timing constraints.
Phase 1.2 IO Placement/ Clock Placement/ Build Placer Device | Checksum: 19edfdcc3

Time (s): cpu = 00:00:00.1 ; elapsed = 00:00:00.03 . Memory (MB): peak = 2789.855 ; gain = 0.000 ; free physical = 41107 ; free virtual = 49569

Phase 1.3 Build Placer Netlist Model
WARNING: [Place 30-2953] Timing driven mode will be turned off because no critical terminals were found.
Phase 1.3 Build Placer Netlist Model | Checksum: 27afb7438

Time (s): cpu = 00:00:00.16 ; elapsed = 00:00:00.04 . Memory (MB): peak = 2789.855 ; gain = 0.000 ; free physical = 41107 ; free virtual = 49569

Phase 1.4 Constrain Clocks/Macros
Phase 1.4 Constrain Clocks/Macros | Checksum: 27afb7438

Time (s): cpu = 00:00:00.16 ; elapsed = 00:00:00.04 . Memory (MB): peak = 2789.855 ; gain = 0.000 ; free physical = 41107 ; free virtual = 49569
Phase 1 Placer Initialization | Checksum: 27afb7438

Time (s): cpu = 00:00:00.16 ; elapsed = 00:00:00.04 . Memory (MB): peak = 2789.855 ; gain = 0.000 ; free physical = 41107 ; free virtual = 49569

Phase 2 Final Placement Cleanup
Netlist sorting complete. Time (s): cpu = 00:00:00 ; elapsed = 00:00:00 . Memory (MB): peak = 2789.855 ; gain = 0.000 ; free physical = 41107 ; free virtual = 49569

Time (s): cpu = 00:00:00.16 ; elapsed = 00:00:00.04 . Memory (MB): peak = 2789.855 ; gain = 0.000 ; free physical = 41107 ; free virtual = 49569
INFO: [Place 30-281] No place-able instance is found; design doesn't contain any instance or all instances are placed
Ending Placer Task | Checksum: 19edfdcc3

Time (s): cpu = 00:00:00.16 ; elapsed = 00:00:00.04 . Memory (MB): peak = 2789.855 ; gain = 0.000 ; free physical = 41107 ; free virtual = 49569
48 Infos, 1 Warnings, 0 Critical Warnings and 0 Errors encountered.
place_design completed successfully
INFO: [Vivado 12-24838] Running report commands "report_control_sets, report_io, report_utilization" in parallel.
Running report generation with 3 threads.
INFO: [Vivado 12-24828] Executing command : report_control_sets -verbose -file inference_top_control_sets_placed.rpt
report_control_sets: Time (s): cpu = 00:00:00.05 ; elapsed = 00:00:00.08 . Memory (MB): peak = 2789.855 ; gain = 0.000 ; free physical = 41089 ; free virtual = 49551
INFO: [Vivado 12-24828] Executing command : report_utilization -file inference_top_utilization_placed.rpt -pb inference_top_utilization_placed.pb
INFO: [Vivado 12-24828] Executing command : report_io -file inference_top_io_placed.rpt
report_io: Time (s): cpu = 00:00:00.09 ; elapsed = 00:00:00.11 . Memory (MB): peak = 2789.855 ; gain = 0.000 ; free physical = 41093 ; free virtual = 49556
INFO: [Timing 38-480] Writing timing data to binary archive.
Wrote PlaceDB: Time (s): cpu = 00:00:00 ; elapsed = 00:00:00 . Memory (MB): peak = 2789.855 ; gain = 0.000 ; free physical = 41093 ; free virtual = 49556
Write ShapeDB Complete: Time (s): cpu = 00:00:00 ; elapsed = 00:00:00 . Memory (MB): peak = 2789.855 ; gain = 0.000 ; free physical = 41093 ; free virtual = 49556
Wrote PulsedLatchDB: Time (s): cpu = 00:00:00 ; elapsed = 00:00:00 . Memory (MB): peak = 2789.855 ; gain = 0.000 ; free physical = 41093 ; free virtual = 49556
Writing XDEF routing.
Writing XDEF routing logical nets.
Writing XDEF routing special nets.
Wrote RouteStorage: Time (s): cpu = 00:00:00.02 ; elapsed = 00:00:00.01 . Memory (MB): peak = 2789.855 ; gain = 0.000 ; free physical = 41093 ; free virtual = 49556
Wrote Netlist Cache: Time (s): cpu = 00:00:00 ; elapsed = 00:00:00 . Memory (MB): peak = 2789.855 ; gain = 0.000 ; free physical = 41093 ; free virtual = 49556
Wrote Device Cache: Time (s): cpu = 00:00:00 ; elapsed = 00:00:00 . Memory (MB): peak = 2789.855 ; gain = 0.000 ; free physical = 41093 ; free virtual = 49556
Write Physdb Complete: Time (s): cpu = 00:00:00.02 ; elapsed = 00:00:00.01 . Memory (MB): peak = 2789.855 ; gain = 0.000 ; free physical = 41093 ; free virtual = 49556
INFO: [Common 17-1381] The checkpoint '/home/pstecklein/repos/low-latency-mnist-inference/xc7a35LeNet/xc7a35LeNet.runs/impl_1/inference_top_placed.dcp' has been generated.
Command: phys_opt_design
Attempting to get a license for feature 'Implementation' and/or device 'xc7a35t'
INFO: [Common 17-349] Got license for feature 'Implementation' and/or device 'xc7a35t'
INFO: [Vivado_Tcl 4-241] Physical synthesis in post route mode 
WARNING: [Vivado_Tcl 4-1385] Design is not legally routed. Skipping post-route optimization
INFO: [Vivado_Tcl 4-1850] phys_opt_design is skipped because design is not fully routed, please run report_route_status to get more information.
INFO: [Common 17-83] Releasing license: Implementation
58 Infos, 2 Warnings, 0 Critical Warnings and 0 Errors encountered.
phys_opt_design completed successfully
INFO: [Timing 38-480] Writing timing data to binary archive.
Write ShapeDB Complete: Time (s): cpu = 00:00:00 ; elapsed = 00:00:00 . Memory (MB): peak = 2789.855 ; gain = 0.000 ; free physical = 41081 ; free virtual = 49544
Wrote PlaceDB: Time (s): cpu = 00:00:00 ; elapsed = 00:00:00 . Memory (MB): peak = 2789.855 ; gain = 0.000 ; free physical = 41081 ; free virtual = 49544
Wrote PulsedLatchDB: Time (s): cpu = 00:00:00 ; elapsed = 00:00:00 . Memory (MB): peak = 2789.855 ; gain = 0.000 ; free physical = 41081 ; free virtual = 49544
Writing XDEF routing.
Writing XDEF routing logical nets.
Writing XDEF routing special nets.
Wrote RouteStorage: Time (s): cpu = 00:00:00.02 ; elapsed = 00:00:00.01 . Memory (MB): peak = 2789.855 ; gain = 0.000 ; free physical = 41082 ; free virtual = 49545
Wrote Netlist Cache: Time (s): cpu = 00:00:00 ; elapsed = 00:00:00 . Memory (MB): peak = 2789.855 ; gain = 0.000 ; free physical = 41082 ; free virtual = 49545
Wrote Device Cache: Time (s): cpu = 00:00:00 ; elapsed = 00:00:00 . Memory (MB): peak = 2789.855 ; gain = 0.000 ; free physical = 41082 ; free virtual = 49545
Write Physdb Complete: Time (s): cpu = 00:00:00.02 ; elapsed = 00:00:00.01 . Memory (MB): peak = 2789.855 ; gain = 0.000 ; free physical = 41082 ; free virtual = 49545
INFO: [Common 17-1381] The checkpoint '/home/pstecklein/repos/low-latency-mnist-inference/xc7a35LeNet/xc7a35LeNet.runs/impl_1/inference_top_physopt.dcp' has been generated.
Command: route_design
Attempting to get a license for feature 'Implementation' and/or device 'xc7a35t'
INFO: [Common 17-349] Got license for feature 'Implementation' and/or device 'xc7a35t'
Running DRC as a precondition to command route_design
INFO: [DRC 23-27] Running DRC with 8 threads
INFO: [Vivado_Tcl 4-198] DRC finished with 0 Errors
INFO: [Vivado_Tcl 4-199] Please refer to the DRC report (report_drc) for more information.


Starting Routing Task
INFO: [Route 35-254] Multithreading enabled for route_design using a maximum of 8 CPUs

Phase 1 Build RT Design
Checksum: PlaceDB: efb8673f ConstDB: 0 ShapeSum: ea6192d RouteDB: a0815c57
INFO: [Timing 38-35] Done setting XDC timing constraints.
Post Restoration Checksum: NetGraph: d6ca2742 | NumContArr: 4967cfa2 | Constraints: c2a8fa9d | Timing: c2a8fa9d
Phase 1 Build RT Design | Checksum: 2a583ec1e

Time (s): cpu = 00:00:07 ; elapsed = 00:00:06 . Memory (MB): peak = 2870.676 ; gain = 75.469 ; free physical = 40983 ; free virtual = 49446

Phase 2 Router Initialization

Phase 2.1 Fix Topology Constraints
Phase 2.1 Fix Topology Constraints | Checksum: 2a583ec1e

Time (s): cpu = 00:00:07 ; elapsed = 00:00:06 . Memory (MB): peak = 2870.676 ; gain = 75.469 ; free physical = 40983 ; free virtual = 49446

Phase 2.2 Pre Route Cleanup
Phase 2.2 Pre Route Cleanup | Checksum: 2a583ec1e

Time (s): cpu = 00:00:07 ; elapsed = 00:00:06 . Memory (MB): peak = 2870.676 ; gain = 75.469 ; free physical = 40983 ; free virtual = 49446
 Number of Nodes with overlaps = 0

Phase 2.3 Update Timing
Phase 2.3 Update Timing | Checksum: 2e72d96c1

Time (s): cpu = 00:00:07 ; elapsed = 00:00:06 . Memory (MB): peak = 2888.676 ; gain = 93.469 ; free physical = 40967 ; free virtual = 49430

Router Utilization Summary
  Global Vertical Routing Utilization    = 0 %
  Global Horizontal Routing Utilization  = 0 %
  Routable Net Status*
  *Does not include unroutable nets such as driverless and loadless.
  Run report_route_status for detailed report.
  Number of Failed Nets               = 0
    (Failed Nets is the sum of unrouted and partially routed nets)
  Number of Unrouted Nets             = 0
  Number of Partially Routed Nets     = 0
  Number of Node Overlaps             = 0

Phase 2 Router Initialization | Checksum: 2e72d96c1

Time (s): cpu = 00:00:07 ; elapsed = 00:00:06 . Memory (MB): peak = 2888.676 ; gain = 93.469 ; free physical = 40967 ; free virtual = 49430

Phase 3 Global Routing
Phase 3 Global Routing | Checksum: 2e72d96c1

Time (s): cpu = 00:00:07 ; elapsed = 00:00:06 . Memory (MB): peak = 2888.676 ; gain = 93.469 ; free physical = 40967 ; free virtual = 49430

Phase 4 Initial Routing

Phase 4.1 Initial Net Routing Pass
 Number of Nodes with overlaps = 0
Phase 4.1 Initial Net Routing Pass | Checksum: 2e72d96c1

Time (s): cpu = 00:00:07 ; elapsed = 00:00:06 . Memory (MB): peak = 2888.676 ; gain = 93.469 ; free physical = 40967 ; free virtual = 49430
Phase 4 Initial Routing | Checksum: 2e72d96c1

Time (s): cpu = 00:00:07 ; elapsed = 00:00:06 . Memory (MB): peak = 2888.676 ; gain = 93.469 ; free physical = 40967 ; free virtual = 49430

Phase 5 Rip-up And Reroute

Phase 5.1 Global Iteration 0
Phase 5.1 Global Iteration 0 | Checksum: 2e72d96c1

Time (s): cpu = 00:00:07 ; elapsed = 00:00:06 . Memory (MB): peak = 2888.676 ; gain = 93.469 ; free physical = 40967 ; free virtual = 49430
Phase 5 Rip-up And Reroute | Checksum: 2e72d96c1

Time (s): cpu = 00:00:07 ; elapsed = 00:00:06 . Memory (MB): peak = 2888.676 ; gain = 93.469 ; free physical = 40967 ; free virtual = 49430

Phase 6 Delay and Skew Optimization

Phase 6.1 Delay CleanUp
Phase 6.1 Delay CleanUp | Checksum: 2e72d96c1

Time (s): cpu = 00:00:08 ; elapsed = 00:00:06 . Memory (MB): peak = 2888.676 ; gain = 93.469 ; free physical = 40967 ; free virtual = 49430

Phase 6.2 Clock Skew Optimization
Phase 6.2 Clock Skew Optimization | Checksum: 2e72d96c1

Time (s): cpu = 00:00:08 ; elapsed = 00:00:06 . Memory (MB): peak = 2888.676 ; gain = 93.469 ; free physical = 40967 ; free virtual = 49430
Phase 6 Delay and Skew Optimization | Checksum: 2e72d96c1

Time (s): cpu = 00:00:08 ; elapsed = 00:00:06 . Memory (MB): peak = 2888.676 ; gain = 93.469 ; free physical = 40967 ; free virtual = 49430

Phase 7 Post Hold Fix

Phase 7.1 Hold Fix Iter
Phase 7.1 Hold Fix Iter | Checksum: 2e72d96c1

Time (s): cpu = 00:00:08 ; elapsed = 00:00:06 . Memory (MB): peak = 2888.676 ; gain = 93.469 ; free physical = 40967 ; free virtual = 49430
Phase 7 Post Hold Fix | Checksum: 2e72d96c1

Time (s): cpu = 00:00:08 ; elapsed = 00:00:06 . Memory (MB): peak = 2888.676 ; gain = 93.469 ; free physical = 40967 ; free virtual = 49430

Phase 8 Route finalize

Router Utilization Summary
  Global Vertical Routing Utilization    = 0 %
  Global Horizontal Routing Utilization  = 0 %
  Routable Net Status*
  *Does not include unroutable nets such as driverless and loadless.
  Run report_route_status for detailed report.
  Number of Failed Nets               = 0
    (Failed Nets is the sum of unrouted and partially routed nets)
  Number of Unrouted Nets             = 0
  Number of Partially Routed Nets     = 0
  Number of Node Overlaps             = 0

Phase 8 Route finalize | Checksum: 2e72d96c1

Time (s): cpu = 00:00:08 ; elapsed = 00:00:06 . Memory (MB): peak = 2888.676 ; gain = 93.469 ; free physical = 40967 ; free virtual = 49430

Phase 9 Verifying routed nets

 Verification completed successfully
Phase 9 Verifying routed nets | Checksum: 2e72d96c1

Time (s): cpu = 00:00:08 ; elapsed = 00:00:06 . Memory (MB): peak = 2888.676 ; gain = 93.469 ; free physical = 40967 ; free virtual = 49430

Phase 10 Depositing Routes
Phase 10 Depositing Routes | Checksum: 2e72d96c1

Time (s): cpu = 00:00:08 ; elapsed = 00:00:06 . Memory (MB): peak = 2888.676 ; gain = 93.469 ; free physical = 40967 ; free virtual = 49430

Phase 11 Post Process Routing
Phase 11 Post Process Routing | Checksum: 2e72d96c1

Time (s): cpu = 00:00:08 ; elapsed = 00:00:06 . Memory (MB): peak = 2888.676 ; gain = 93.469 ; free physical = 40967 ; free virtual = 49430

Phase 12 Post Router Timing
Phase 12 Post Router Timing | Checksum: 2e72d96c1

Time (s): cpu = 00:00:08 ; elapsed = 00:00:06 . Memory (MB): peak = 2888.676 ; gain = 93.469 ; free physical = 40967 ; free virtual = 49430
Total Elapsed time in route_design: 6.01 secs

Phase 13 Post-Route Event Processing
Phase 13 Post-Route Event Processing | Checksum: 13536c430

Time (s): cpu = 00:00:08 ; elapsed = 00:00:06 . Memory (MB): peak = 2888.676 ; gain = 93.469 ; free physical = 40967 ; free virtual = 49430
INFO: [Route 35-16] Router Completed Successfully
Ending Routing Task | Checksum: 13536c430

Time (s): cpu = 00:00:08 ; elapsed = 00:00:06 . Memory (MB): peak = 2888.676 ; gain = 93.469 ; free physical = 40967 ; free virtual = 49430

Routing Is Done.
INFO: [Common 17-83] Releasing license: Implementation
68 Infos, 2 Warnings, 0 Critical Warnings and 0 Errors encountered.
route_design completed successfully
route_design: Time (s): cpu = 00:00:08 ; elapsed = 00:00:07 . Memory (MB): peak = 2888.676 ; gain = 98.820 ; free physical = 40966 ; free virtual = 49429
INFO: [Vivado 12-24828] Executing command : report_drc -file inference_top_drc_routed.rpt -pb inference_top_drc_routed.pb -rpx inference_top_drc_routed.rpx
Command: report_drc -file inference_top_drc_routed.rpt -pb inference_top_drc_routed.pb -rpx inference_top_drc_routed.rpx
INFO: [IP_Flow 19-1839] IP Catalog is up to date.
INFO: [DRC 23-27] Running DRC with 8 threads
INFO: [Vivado_Tcl 2-168] The results of DRC are in file /home/pstecklein/repos/low-latency-mnist-inference/xc7a35LeNet/xc7a35LeNet.runs/impl_1/inference_top_drc_routed.rpt.
report_drc completed successfully
INFO: [Vivado 12-24828] Executing command : report_methodology -file inference_top_methodology_drc_routed.rpt -pb inference_top_methodology_drc_routed.pb -rpx inference_top_methodology_drc_routed.rpx
Command: report_methodology -file inference_top_methodology_drc_routed.rpt -pb inference_top_methodology_drc_routed.pb -rpx inference_top_methodology_drc_routed.rpx
INFO: [Timing 38-35] Done setting XDC timing constraints.
INFO: [DRC 23-133] Running Methodology with 8 threads
INFO: [Vivado_Tcl 2-1520] The results of Report Methodology are in file /home/pstecklein/repos/low-latency-mnist-inference/xc7a35LeNet/xc7a35LeNet.runs/impl_1/inference_top_methodology_drc_routed.rpt.
report_methodology completed successfully
INFO: [Vivado 12-24828] Executing command : report_timing_summary -max_paths 10 -report_unconstrained -file inference_top_timing_summary_routed.rpt -pb inference_top_timing_summary_routed.pb -rpx inference_top_timing_summary_routed.rpx -warn_on_violation 
INFO: [Timing 38-35] Done setting XDC timing constraints.
INFO: [Timing 38-91] UpdateTimingParams: Speed grade: -1, Delay Type: min_max.
INFO: [Timing 38-191] Multithreading enabled for timing update using a maximum of 8 CPUs
INFO: [Vivado 12-24838] Running report commands "report_bus_skew, report_incremental_reuse, report_route_status" in parallel.
Running report generation with 3 threads.
INFO: [Vivado 12-24828] Executing command : report_route_status -file inference_top_route_status.rpt -pb inference_top_route_status.pb
INFO: [Vivado 12-24828] Executing command : report_incremental_reuse -file inference_top_incremental_reuse_routed.rpt
INFO: [Vivado_Tcl 4-1062] Incremental flow is disabled. No incremental reuse Info to report.
INFO: [Vivado 12-24828] Executing command : report_bus_skew -warn_on_violation -file inference_top_bus_skew_routed.rpt -pb inference_top_bus_skew_routed.pb -rpx inference_top_bus_skew_routed.rpx
INFO: [Timing 38-91] UpdateTimingParams: Speed grade: -1, Delay Type: min_max.
INFO: [Timing 38-191] Multithreading enabled for timing update using a maximum of 8 CPUs
INFO: [Vivado 12-24828] Executing command : report_power -file inference_top_power_routed.rpt -pb inference_top_power_summary_routed.pb -rpx inference_top_power_routed.rpx
Command: report_power -file inference_top_power_routed.rpt -pb inference_top_power_summary_routed.pb -rpx inference_top_power_routed.rpx
Running Vector-less Activity Propagation...

Finished Running Vector-less Activity Propagation
88 Infos, 2 Warnings, 0 Critical Warnings and 0 Errors encountered.
report_power completed successfully
INFO: [Vivado 12-24828] Executing command : report_clock_utilization -file inference_top_clock_utilization_routed.rpt
WARNING: [Device 21-9320] Failed to find the Oracle tile group with name 'HSR_BOUNDARY_TOP'. This is required for Clock regions and Virtual grid.
WARNING: [Device 21-2174] Failed to initialize Virtual grid.
INFO: [Timing 38-480] Writing timing data to binary archive.
Write ShapeDB Complete: Time (s): cpu = 00:00:00 ; elapsed = 00:00:00 . Memory (MB): peak = 3002.500 ; gain = 0.000 ; free physical = 40939 ; free virtual = 49402
Wrote PlaceDB: Time (s): cpu = 00:00:00 ; elapsed = 00:00:00 . Memory (MB): peak = 3002.500 ; gain = 0.000 ; free physical = 40939 ; free virtual = 49402
Wrote PulsedLatchDB: Time (s): cpu = 00:00:00 ; elapsed = 00:00:00 . Memory (MB): peak = 3002.500 ; gain = 0.000 ; free physical = 40939 ; free virtual = 49402
Writing XDEF routing.
Writing XDEF routing logical nets.
Writing XDEF routing special nets.
Wrote RouteStorage: Time (s): cpu = 00:00:00.02 ; elapsed = 00:00:00 . Memory (MB): peak = 3002.500 ; gain = 0.000 ; free physical = 40939 ; free virtual = 49402
Wrote Netlist Cache: Time (s): cpu = 00:00:00 ; elapsed = 00:00:00 . Memory (MB): peak = 3002.500 ; gain = 0.000 ; free physical = 40939 ; free virtual = 49402
Wrote Device Cache: Time (s): cpu = 00:00:00 ; elapsed = 00:00:00.01 . Memory (MB): peak = 3002.500 ; gain = 0.000 ; free physical = 40939 ; free virtual = 49402
Write Physdb Complete: Time (s): cpu = 00:00:00.03 ; elapsed = 00:00:00.01 . Memory (MB): peak = 3002.500 ; gain = 0.000 ; free physical = 40939 ; free virtual = 49402
INFO: [Common 17-1381] The checkpoint '/home/pstecklein/repos/low-latency-mnist-inference/xc7a35LeNet/xc7a35LeNet.runs/impl_1/inference_top_routed.dcp' has been generated.
Command: write_bitstream -force inference_top.bit
Attempting to get a license for feature 'Implementation' and/or device 'xc7a35t'
INFO: [Common 17-349] Got license for feature 'Implementation' and/or device 'xc7a35t'
Running DRC as a precondition to command write_bitstream
INFO: [IP_Flow 19-1839] IP Catalog is up to date.
INFO: [DRC 23-27] Running DRC with 8 threads
WARNING: [DRC CFGBVS-1] Missing CFGBVS and CONFIG_VOLTAGE Design Properties: Neither the CFGBVS nor CONFIG_VOLTAGE voltage property is set in the current_design.  Configuration bank voltage select (CFGBVS) must be set to VCCO or GND, and CONFIG_VOLTAGE must be set to the correct configuration voltage, in order to determine the I/O voltage support for the pins in bank 0.  It is suggested to specify these either using the 'Edit Device Properties' function in the GUI or directly in the XDC file using the following syntax:

 set_property CFGBVS value1 [current_design]
 #where value1 is either VCCO or GND

 set_property CONFIG_VOLTAGE value2 [current_design]
 #where value2 is the voltage provided to configuration bank 0

Refer to the device configuration user guide for more information.
INFO: [Vivado 12-3199] DRC finished with 0 Errors, 1 Warnings
INFO: [Vivado 12-3200] Please refer to the DRC report (report_drc) for more information.
INFO: [Designutils 20-2272] Running write_bitstream with 8 threads.
Loading data files...
Loading site data...
Loading route data...
Processing options...
Creating bitmap...
Creating bitstream...
Writing bitstream ./inference_top.bit...
INFO: [Vivado 12-1842] Bitgen Completed Successfully.
INFO: [Project 1-1876] WebTalk data collection is mandatory when using a ULT device. To see the specific WebTalk data collected for your design, open the usage_statistics_webtalk.html or usage_statistics_webtalk.xml file in the implementation directory.
INFO: [Common 17-83] Releasing license: Implementation
100 Infos, 5 Warnings, 0 Critical Warnings and 0 Errors encountered.
write_bitstream completed successfully
write_bitstream: Time (s): cpu = 00:00:04 ; elapsed = 00:00:07 . Memory (MB): peak = 3226.562 ; gain = 224.062 ; free physical = 40673 ; free virtual = 49139
INFO: [Common 17-206] Exiting Vivado at Sun Nov 17 21:14:25 2024...
